0 info it worked if it ends with ok
1 verbose cli [ 'node',
1 verbose cli   'C:\\Users\\Woulfes\\AppData\\Roaming\\npm\\node_modules\\npm\\bin\\npm-cli.js',
1 verbose cli   'run',
1 verbose cli   'wiredep' ]
2 info using npm@2.11.2
3 info using node@v0.12.4
4 verbose run-script [ 'prewiredep', 'wiredep', 'postwiredep' ]
5 info prewiredep hvvvy@0.0.0
6 info wiredep hvvvy@0.0.0
7 verbose unsafe-perm in lifecycle true
8 info hvvvy@0.0.0 Failed to exec wiredep script
9 verbose stack Error: hvvvy@0.0.0 wiredep: `wiredep --verbose --bowerJson bower.json --src index.html`
9 verbose stack Exit status 1
9 verbose stack     at EventEmitter.<anonymous> (C:\Users\Woulfes\AppData\Roaming\npm\node_modules\npm\lib\utils\lifecycle.js:213:16)
9 verbose stack     at EventEmitter.emit (events.js:110:17)
9 verbose stack     at ChildProcess.<anonymous> (C:\Users\Woulfes\AppData\Roaming\npm\node_modules\npm\lib\utils\spawn.js:24:14)
9 verbose stack     at ChildProcess.emit (events.js:110:17)
9 verbose stack     at maybeClose (child_process.js:1015:16)
9 verbose stack     at Process.ChildProcess._handle.onexit (child_process.js:1087:5)
10 verbose pkgid hvvvy@0.0.0
11 verbose cwd D:\Documents\My Web Sites\hvvvy
12 error Windows_NT 6.3.9600
13 error argv "node" "C:\\Users\\Woulfes\\AppData\\Roaming\\npm\\node_modules\\npm\\bin\\npm-cli.js" "run" "wiredep"
14 error node v0.12.4
15 error npm  v2.11.2
16 error code ELIFECYCLE
17 error hvvvy@0.0.0 wiredep: `wiredep --verbose --bowerJson bower.json --src index.html`
17 error Exit status 1
18 error Failed at the hvvvy@0.0.0 wiredep script 'wiredep --verbose --bowerJson bower.json --src index.html'.
18 error This is most likely a problem with the hvvvy package,
18 error not with npm itself.
18 error Tell the author that this fails on your system:
18 error     wiredep --verbose --bowerJson bower.json --src index.html
18 error You can get their info via:
18 error     npm owner ls hvvvy
18 error There is likely additional logging output above.
19 verbose exit [ 1, true ]
